<?xml version="1.0" encoding="UTF-8"?>
<testng-results total="2" passed="2" failed="0" skipped="0">
  <reporter-output>
  </reporter-output>
  <suite started-at="2021-08-08T16:02:34Z" name="Suite1" finished-at="2021-08-08T16:03:01Z" duration-ms="27105">
    <groups>
    </groups>
    <test started-at="2021-08-08T16:02:34Z" name="Test1" finished-at="2021-08-08T16:03:01Z" duration-ms="27105">
      <class name="com.Test.GoogleTest">
        <test-method is-config="true" signature="before()[pri:0, instance:com.Test.GoogleTest@1ca3b418]" started-at="2021-08-08T21:32:33Z" name="before" finished-at="2021-08-08T21:32:34Z" duration-ms="659" status="PASS">
          <reporter-output>
          </reporter-output>
        </test-method> <!-- before -->
        <test-method is-config="true" signature="browserSetup(java.lang.String)[pri:0, instance:com.Test.GoogleTest@1ca3b418]" started-at="2021-08-08T21:32:36Z" name="browserSetup" finished-at="2021-08-08T21:32:45Z" duration-ms="9134" status="PASS">
          <params>
            <param index="0">
              <value>
                <![CDATA[chrome]]>
              </value>
            </param>
          </params>
          <reporter-output>
          </reporter-output>
        </test-method> <!-- browserSetup -->
        <test-method signature="searchResults(java.lang.String, java.util.Map)[pri:0, instance:com.Test.GoogleTest@1ca3b418]" started-at="2021-08-08T21:32:45Z" name="searchResults" data-provider="Test cases" finished-at="2021-08-08T21:32:46Z" duration-ms="587" status="PASS">
          <params>
            <param index="0">
              <value>
                <![CDATA[1.0]]>
              </value>
            </param>
            <param index="1">
              <value>
                <![CDATA[{TestCaseID=1.0, Search Keyword=Hello, Link to be found=https://hellotempayy.com}]]>
              </value>
            </param>
          </params>
          <reporter-output>
          </reporter-output>
        </test-method> <!-- searchResults -->
        <test-method is-config="true" signature="getResult(org.testng.ITestResult)[pri:0, instance:com.Test.GoogleTest@1ca3b418]" started-at="2021-08-08T21:32:46Z" name="getResult" finished-at="2021-08-08T21:32:48Z" duration-ms="2432" status="PASS">
          <params>
            <param index="0">
              <value>
                <![CDATA[[TestResult name=searchResults status=SUCCESS method=GoogleTest.searchResults(java.lang.String, java.util.Map)[pri:0, instance:com.Test.GoogleTest@1ca3b418] output={null}]]]>
              </value>
            </param>
          </params>
          <reporter-output>
          </reporter-output>
        </test-method> <!-- getResult -->
        <test-method is-config="true" signature="browserSetup(java.lang.String)[pri:0, instance:com.Test.GoogleTest@1ca3b418]" started-at="2021-08-08T21:32:48Z" name="browserSetup" finished-at="2021-08-08T21:32:58Z" duration-ms="10014" status="PASS">
          <params>
            <param index="0">
              <value>
                <![CDATA[chrome]]>
              </value>
            </param>
          </params>
          <reporter-output>
          </reporter-output>
        </test-method> <!-- browserSetup -->
        <test-method signature="searchResults(java.lang.String, java.util.Map)[pri:0, instance:com.Test.GoogleTest@1ca3b418]" started-at="2021-08-08T21:32:58Z" name="searchResults" data-provider="Test cases" finished-at="2021-08-08T21:32:59Z" duration-ms="403" status="PASS">
          <params>
            <param index="0">
              <value>
                <![CDATA[2.0]]>
              </value>
            </param>
            <param index="1">
              <value>
                <![CDATA[{TestCaseID=2.0, Search Keyword=Hi, Link to be found=https://www.yourdictionary.com}]]>
              </value>
            </param>
          </params>
          <reporter-output>
          </reporter-output>
        </test-method> <!-- searchResults -->
        <test-method is-config="true" signature="getResult(org.testng.ITestResult)[pri:0, instance:com.Test.GoogleTest@1ca3b418]" started-at="2021-08-08T21:32:59Z" name="getResult" finished-at="2021-08-08T21:33:01Z" duration-ms="2292" status="PASS">
          <params>
            <param index="0">
              <value>
                <![CDATA[[TestResult name=searchResults status=SUCCESS method=GoogleTest.searchResults(java.lang.String, java.util.Map)[pri:0, instance:com.Test.GoogleTest@1ca3b418] output={null}]]]>
              </value>
            </param>
          </params>
          <reporter-output>
          </reporter-output>
        </test-method> <!-- getResult -->
        <test-method is-config="true" signature="setup()[pri:0, instance:com.Test.GoogleTest@1ca3b418]" started-at="2021-08-08T21:33:02Z" name="setup" finished-at="2021-08-08T21:33:08Z" duration-ms="6096" status="PASS">
          <reporter-output>
          </reporter-output>
        </test-method> <!-- setup -->
      </class> <!-- com.Test.GoogleTest -->
    </test> <!-- Test1 -->
  </suite> <!-- Suite1 -->
</testng-results>
